<?xml version="1.0" encoding="UTF-8"?>
<testng-results ignored="0" total="1" passed="1" failed="0" skipped="0">
  <reporter-output>
  </reporter-output>
  <suite started-at="2026-02-14T21:00:34 IST" name="Default suite" finished-at="2026-02-14T21:00:46 IST" duration-ms="11963">
    <groups>
    </groups>
    <test started-at="2026-02-14T21:00:34 IST" name="Default test" finished-at="2026-02-14T21:00:46 IST" duration-ms="11963">
      <class name="test.LoginLogoutTest">
        <test-method is-config="true" signature="setup()[pri:0, instance:test.LoginLogoutTest@2f05be7f]" started-at="2026-02-14T21:00:34 IST" name="setup" finished-at="2026-02-14T21:00:41 IST" duration-ms="7069" status="PASS">
          <reporter-output>
          </reporter-output>
        </test-method> <!-- setup -->
        <test-method signature="verifyLoginLogoutFlow()[pri:0, instance:test.LoginLogoutTest@2f05be7f]" started-at="2026-02-14T21:00:41 IST" name="verifyLoginLogoutFlow" finished-at="2026-02-14T21:00:46 IST" duration-ms="4432" status="PASS">
          <reporter-output>
          </reporter-output>
        </test-method> <!-- verifyLoginLogoutFlow -->
        <test-method is-config="true" signature="tearDown()[pri:0, instance:test.LoginLogoutTest@2f05be7f]" started-at="2026-02-14T21:00:46 IST" name="tearDown" finished-at="2026-02-14T21:00:46 IST" duration-ms="370" status="PASS">
          <reporter-output>
          </reporter-output>
        </test-method> <!-- tearDown -->
      </class> <!-- test.LoginLogoutTest -->
    </test> <!-- Default test -->
  </suite> <!-- Default suite -->
</testng-results>
